<?xml version="1.0" encoding="UTF-8"?>
<!-- Generated by org.testng.reporters.JUnitReportReporter -->
<testsuite hostname="DESKTOP-LT639V1" failures="0" tests="1" name="runner.Runner" time="14.372" errors="0" timestamp="2023-05-01T09:44:13 IST" skipped="0">
  <testcase classname="runner.Runner" name="runScenario" time="14.372"/>
  <system-out/>
</testsuite> <!-- runner.Runner -->
